2022/08/10 06:17:42 [emerg] 1#1: "upstream" directive is not allowed here in /etc/nginx/nginx.conf:12
2022/08/10 06:24:38 [emerg] 1#1: "upstream" directive is not allowed here in /etc/nginx/nginx.conf:12
2022/08/10 06:24:57 [emerg] 1#1: "upstream" directive is not allowed here in /etc/nginx/nginx.conf:12
2022/08/10 06:28:52 [emerg] 1#1: host not found in upstream "${IP_ADDR_1}:21" in /etc/nginx/nginx.conf:21
2022/08/10 06:30:35 [emerg] 1#1: host not found in upstream "${IP_ADDR_1}:21" in /etc/nginx/nginx.conf:21
2022/08/10 06:30:40 [emerg] 1#1: host not found in upstream "${IP_ADDR_1}:21" in /etc/nginx/nginx.conf:21
2022/08/10 06:31:45 [emerg] 1#1: host not found in upstream "${IP_ADDR_1}:21" in /etc/nginx/nginx.conf:21
2022/08/10 06:32:14 [emerg] 1#1: host not found in upstream "${IP_ADDR_1}:21" in /etc/nginx/nginx.conf:21
2022/08/10 06:32:43 [emerg] 1#1: unexpected "}" in /etc/nginx/nginx.conf:25
2022/08/10 06:38:47 [emerg] 1#1: host not found in upstream "${IP_ADDR_2}:21" in /etc/nginx/nginx.conf:22
2022/08/10 06:40:19 [emerg] 1#1: host not found in upstream "${IP_ADDR_2}:21" in /etc/nginx/nginx.conf:22
2022/08/10 06:40:56 [emerg] 1#1: unexpected "}" in /etc/nginx/nginx.conf:25
2022/08/10 06:41:52 [emerg] 1#1: unknown directive "keep_alive" in /etc/nginx/nginx.conf:24
2022/08/10 06:42:41 [notice] 1#1: using the "epoll" event method
2022/08/10 06:42:41 [notice] 1#1: nginx/1.23.1
2022/08/10 06:42:41 [notice] 1#1: built by gcc 10.2.1 20210110 (Debian 10.2.1-6) 
2022/08/10 06:42:41 [notice] 1#1: OS: Linux 5.10.130-118.517.amzn2.x86_64
2022/08/10 06:42:41 [notice] 1#1: getrlimit(RLIMIT_NOFILE): 65535:65535
2022/08/10 06:42:41 [notice] 1#1: start worker processes
2022/08/10 06:42:41 [notice] 1#1: start worker process 35
2022/08/10 06:42:41 [notice] 1#1: start worker process 36
2022/08/10 06:42:47 [notice] 1#1: signal 28 (SIGWINCH) received
2022/08/10 06:46:05 [notice] 1#1: signal 28 (SIGWINCH) received
2022/08/10 06:54:57 [notice] 1#1: signal 2 (SIGINT) received, exiting
2022/08/10 06:54:57 [notice] 36#36: exiting
2022/08/10 06:54:57 [notice] 35#35: exiting
2022/08/10 06:54:57 [notice] 36#36: exit
2022/08/10 06:54:57 [notice] 35#35: exit
2022/08/10 06:54:57 [notice] 1#1: signal 17 (SIGCHLD) received from 36
2022/08/10 06:54:57 [notice] 1#1: worker process 35 exited with code 0
2022/08/10 06:54:57 [notice] 1#1: worker process 36 exited with code 0
2022/08/10 06:54:57 [notice] 1#1: exit
2022/08/10 07:49:35 [emerg] 1#1: no port in upstream "port21" in /etc/nginx/nginx.conf:86
2022/08/10 08:41:38 [emerg] 1#1: no port in upstream "port21" in /etc/nginx/nginx.conf:86
2022/08/10 08:43:45 [emerg] 1#1: duplicate upstream "port21" in /etc/nginx/nginx.conf:80
2022/08/10 08:44:53 [notice] 1#1: using the "epoll" event method
2022/08/10 08:44:53 [notice] 1#1: nginx/1.23.1
2022/08/10 08:44:53 [notice] 1#1: built by gcc 10.2.1 20210110 (Debian 10.2.1-6) 
2022/08/10 08:44:53 [notice] 1#1: OS: Linux 5.10.130-118.517.amzn2.x86_64
2022/08/10 08:44:53 [notice] 1#1: getrlimit(RLIMIT_NOFILE): 65535:65535
2022/08/10 08:44:53 [notice] 1#1: start worker processes
2022/08/10 08:44:53 [notice] 1#1: start worker process 75
2022/08/10 08:44:53 [notice] 1#1: start worker process 76
2022/08/10 08:45:23 [notice] 1#1: signal 2 (SIGINT) received, exiting
2022/08/10 08:45:23 [notice] 75#75: exiting
2022/08/10 08:45:23 [notice] 76#76: exiting
2022/08/10 08:45:23 [notice] 75#75: exit
2022/08/10 08:45:23 [notice] 76#76: exit
2022/08/10 08:45:23 [notice] 1#1: signal 17 (SIGCHLD) received from 75
2022/08/10 08:45:23 [notice] 1#1: worker process 75 exited with code 0
2022/08/10 08:45:23 [notice] 1#1: worker process 76 exited with code 0
2022/08/10 08:45:23 [notice] 1#1: exit
2022/08/10 08:45:28 [notice] 1#1: using the "epoll" event method
2022/08/10 08:45:28 [notice] 1#1: nginx/1.23.1
2022/08/10 08:45:28 [notice] 1#1: built by gcc 10.2.1 20210110 (Debian 10.2.1-6) 
2022/08/10 08:45:28 [notice] 1#1: OS: Linux 5.10.130-118.517.amzn2.x86_64
2022/08/10 08:45:28 [notice] 1#1: getrlimit(RLIMIT_NOFILE): 65535:65535
2022/08/10 08:45:28 [notice] 1#1: start worker processes
2022/08/10 08:45:28 [notice] 1#1: start worker process 75
2022/08/10 08:45:28 [notice] 1#1: start worker process 76
2022/08/10 08:47:01 [notice] 1#1: signal 2 (SIGINT) received, exiting
2022/08/10 08:47:01 [notice] 75#75: exiting
2022/08/10 08:47:01 [notice] 75#75: exit
2022/08/10 08:47:01 [notice] 76#76: exiting
2022/08/10 08:47:01 [notice] 76#76: exit
2022/08/10 08:47:01 [notice] 1#1: signal 17 (SIGCHLD) received from 75
2022/08/10 08:47:01 [notice] 1#1: worker process 75 exited with code 0
2022/08/10 08:47:01 [notice] 1#1: worker process 76 exited with code 0
2022/08/10 08:47:01 [notice] 1#1: exit
2022/08/10 08:47:22 [notice] 1#1: using the "epoll" event method
2022/08/10 08:47:22 [notice] 1#1: nginx/1.23.1
2022/08/10 08:47:22 [notice] 1#1: built by gcc 10.2.1 20210110 (Debian 10.2.1-6) 
2022/08/10 08:47:22 [notice] 1#1: OS: Linux 5.10.130-118.517.amzn2.x86_64
2022/08/10 08:47:22 [notice] 1#1: getrlimit(RLIMIT_NOFILE): 65535:65535
2022/08/10 08:47:22 [notice] 1#1: start worker processes
2022/08/10 08:47:22 [notice] 1#1: start worker process 76
2022/08/10 08:47:22 [notice] 1#1: start worker process 77
2022/08/10 08:47:25 [notice] 1#1: signal 28 (SIGWINCH) received
2022/08/10 08:47:45 [notice] 1#1: signal 28 (SIGWINCH) received
2022/08/10 08:47:46 [notice] 1#1: signal 28 (SIGWINCH) received
2022/08/10 08:50:40 [notice] 1#1: signal 2 (SIGINT) received, exiting
2022/08/10 08:50:40 [notice] 76#76: exiting
2022/08/10 08:50:40 [notice] 76#76: exit
2022/08/10 08:50:40 [notice] 77#77: exiting
2022/08/10 08:50:40 [notice] 77#77: exit
2022/08/10 08:50:40 [notice] 1#1: signal 17 (SIGCHLD) received from 76
2022/08/10 08:50:40 [notice] 1#1: worker process 76 exited with code 0
2022/08/10 08:50:40 [notice] 1#1: signal 17 (SIGCHLD) received from 77
2022/08/10 08:50:40 [notice] 1#1: worker process 77 exited with code 0
2022/08/10 08:50:40 [notice] 1#1: exit
2022/08/10 08:50:44 [notice] 1#1: using the "epoll" event method
2022/08/10 08:50:44 [notice] 1#1: nginx/1.23.1
2022/08/10 08:50:44 [notice] 1#1: built by gcc 10.2.1 20210110 (Debian 10.2.1-6) 
2022/08/10 08:50:44 [notice] 1#1: OS: Linux 5.10.130-118.517.amzn2.x86_64
2022/08/10 08:50:44 [notice] 1#1: getrlimit(RLIMIT_NOFILE): 65535:65535
2022/08/10 08:50:44 [notice] 1#1: start worker processes
2022/08/10 08:50:44 [notice] 1#1: start worker process 76
2022/08/10 08:50:44 [notice] 1#1: start worker process 77
2022/08/10 09:31:41 [notice] 1#1: signal 2 (SIGINT) received, exiting
2022/08/10 09:31:41 [notice] 77#77: exiting
2022/08/10 09:31:41 [notice] 76#76: exiting
2022/08/10 09:31:41 [notice] 77#77: exit
2022/08/10 09:31:41 [notice] 76#76: exit
2022/08/10 09:31:41 [notice] 1#1: signal 17 (SIGCHLD) received from 76
2022/08/10 09:31:41 [notice] 1#1: worker process 76 exited with code 0
2022/08/10 09:31:41 [notice] 1#1: worker process 77 exited with code 0
2022/08/10 09:31:41 [notice] 1#1: exit
2022/08/10 09:36:46 [notice] 1#1: using the "epoll" event method
2022/08/10 09:36:46 [notice] 1#1: nginx/1.23.1
2022/08/10 09:36:46 [notice] 1#1: built by gcc 10.2.1 20210110 (Debian 10.2.1-6) 
2022/08/10 09:36:46 [notice] 1#1: OS: Linux 5.10.130-118.517.amzn2.x86_64
2022/08/10 09:36:46 [notice] 1#1: getrlimit(RLIMIT_NOFILE): 65535:65535
2022/08/10 09:36:46 [notice] 1#1: start worker processes
2022/08/10 09:36:46 [notice] 1#1: start worker process 76
2022/08/10 09:36:46 [notice] 1#1: start worker process 77
2022/08/10 09:37:39 [notice] 1#1: signal 2 (SIGINT) received, exiting
2022/08/10 09:37:39 [notice] 76#76: exiting
2022/08/10 09:37:39 [notice] 77#77: exiting
2022/08/10 09:37:39 [notice] 76#76: exit
2022/08/10 09:37:39 [notice] 77#77: exit
2022/08/10 09:37:39 [notice] 1#1: signal 17 (SIGCHLD) received from 77
2022/08/10 09:37:39 [notice] 1#1: worker process 77 exited with code 0
2022/08/10 09:37:39 [notice] 1#1: signal 29 (SIGIO) received
2022/08/10 09:37:39 [notice] 1#1: signal 17 (SIGCHLD) received from 76
2022/08/10 09:37:39 [notice] 1#1: worker process 76 exited with code 0
2022/08/10 09:37:39 [notice] 1#1: exit
2022/08/10 09:37:43 [notice] 1#1: using the "epoll" event method
2022/08/10 09:37:43 [notice] 1#1: nginx/1.23.1
2022/08/10 09:37:43 [notice] 1#1: built by gcc 10.2.1 20210110 (Debian 10.2.1-6) 
2022/08/10 09:37:43 [notice] 1#1: OS: Linux 5.10.130-118.517.amzn2.x86_64
2022/08/10 09:37:43 [notice] 1#1: getrlimit(RLIMIT_NOFILE): 65535:65535
2022/08/10 09:37:43 [notice] 1#1: start worker processes
2022/08/10 09:37:43 [notice] 1#1: start worker process 75
2022/08/10 09:37:43 [notice] 1#1: start worker process 76
2022/08/10 09:37:56 [notice] 1#1: signal 2 (SIGINT) received, exiting
2022/08/10 09:37:56 [notice] 75#75: exiting
2022/08/10 09:37:56 [notice] 75#75: exit
2022/08/10 09:37:56 [notice] 76#76: exiting
2022/08/10 09:37:56 [notice] 76#76: exit
2022/08/10 09:37:56 [notice] 1#1: signal 17 (SIGCHLD) received from 75
2022/08/10 09:37:56 [notice] 1#1: worker process 75 exited with code 0
2022/08/10 09:37:56 [notice] 1#1: worker process 76 exited with code 0
2022/08/10 09:37:56 [notice] 1#1: exit
2022/08/10 09:38:39 [emerg] 1#1: unexpected ":" in /etc/nginx/nginx.conf:22
2022/08/10 09:45:51 [emerg] 1#1: invalid parameter "" in /etc/nginx/nginx.conf:96
2022/08/10 09:48:03 [emerg] 1#1: invalid parameter "" in /etc/nginx/nginx.conf:96
2022/08/10 09:49:11 [notice] 1#1: using the "epoll" event method
2022/08/10 09:49:11 [notice] 1#1: nginx/1.23.1
2022/08/10 09:49:11 [notice] 1#1: built by gcc 10.2.1 20210110 (Debian 10.2.1-6) 
2022/08/10 09:49:11 [notice] 1#1: OS: Linux 5.10.130-118.517.amzn2.x86_64
2022/08/10 09:49:11 [notice] 1#1: getrlimit(RLIMIT_NOFILE): 65535:65535
2022/08/10 09:49:11 [notice] 1#1: start worker processes
2022/08/10 09:49:11 [notice] 1#1: start worker process 75
2022/08/10 09:49:11 [notice] 1#1: start worker process 76
2022/08/10 09:49:57 [notice] 1#1: signal 2 (SIGINT) received, exiting
2022/08/10 09:49:57 [notice] 75#75: exiting
2022/08/10 09:49:57 [notice] 75#75: exit
2022/08/10 09:49:57 [notice] 76#76: exiting
2022/08/10 09:49:57 [notice] 76#76: exit
2022/08/10 09:49:57 [notice] 1#1: signal 17 (SIGCHLD) received from 75
2022/08/10 09:49:57 [notice] 1#1: worker process 75 exited with code 0
2022/08/10 09:49:57 [notice] 1#1: worker process 76 exited with code 0
2022/08/10 09:49:57 [notice] 1#1: exit
2022/08/10 09:50:00 [notice] 1#1: using the "epoll" event method
2022/08/10 09:50:00 [notice] 1#1: nginx/1.23.1
2022/08/10 09:50:00 [notice] 1#1: built by gcc 10.2.1 20210110 (Debian 10.2.1-6) 
2022/08/10 09:50:00 [notice] 1#1: OS: Linux 5.10.130-118.517.amzn2.x86_64
2022/08/10 09:50:00 [notice] 1#1: getrlimit(RLIMIT_NOFILE): 65535:65535
2022/08/10 09:50:00 [notice] 1#1: start worker processes
2022/08/10 09:50:00 [notice] 1#1: start worker process 75
2022/08/10 09:50:00 [notice] 1#1: start worker process 76
2022/08/10 09:54:07 [notice] 1#1: signal 2 (SIGINT) received, exiting
2022/08/10 09:54:07 [notice] 76#76: exiting
2022/08/10 09:54:07 [notice] 75#75: exiting
2022/08/10 09:54:07 [notice] 76#76: exit
2022/08/10 09:54:07 [notice] 75#75: exit
2022/08/10 09:54:07 [notice] 1#1: signal 17 (SIGCHLD) received from 75
2022/08/10 09:54:07 [notice] 1#1: worker process 75 exited with code 0
2022/08/10 09:54:07 [notice] 1#1: worker process 76 exited with code 0
2022/08/10 09:54:07 [notice] 1#1: exit
